<?xml version="1.0" encoding="UTF-8"?>
<!-- Generated by org.testng.reporters.JUnitXMLReporter -->
<testsuite ignored="0" hostname="LAPTOP-SCA0K7MQ" failures="0" tests="4" name="Test" time="63.965" errors="0" timestamp="2021-06-06T20:13:55 IST">
  <testcase classname="TestClasses.Validatelogin" name="validateLogin" time="6.394"/>
  <testcase classname="TestClasses.Validatelogin" name="validateRBIlink" time="0.488"/>
  <testcase classname="TestClasses.ValidateAccount" name="accountTest" time="11.296"/>
  <testcase classname="TestClasses.ValidateAccount" name="investTest" time="6.682"/>
</testsuite> <!-- Test -->
