<?xml version="1.0" encoding="UTF-8"?>
<!-- Generated by org.testng.reporters.JUnitXMLReporter -->
<testsuite ignored="0" hostname="LAPTOP-SCA0K7MQ" failures="1" tests="1" name="Chrome" time="6.661" errors="0" timestamp="2021-06-18T13:09:57 IST">
  <testcase classname="testclass_package.ValidateLogin" name="Logintest" time="1.493">
    <failure type="java.lang.NullPointerException" message="Cannot invoke &amp;quot;org.apache.poi.ss.usermodel.Cell.getStringCellValue()&amp;quot; because &amp;quot;c&amp;quot; is null">
      <![CDATA[java.lang.NullPointerException: Cannot invoke "org.apache.poi.ss.usermodel.Cell.getStringCellValue()" because "c" is null
at Utilities.UtilityClass.excelSheet(UtilityClass.java:38)
at pom_package.KiteZerodhaLoginPage.insertPassword(KiteZerodhaLoginPage.java:48)
at testclass_package.ValidateLogin.Logintest(ValidateLogin.java:61)
at java.base/java.util.ArrayList.forEach(ArrayList.java:1511)
... Removed 27 stack frames]]>
    </failure>
  </testcase> <!-- Logintest -->
</testsuite> <!-- Chrome -->
