<?xml version="1.0" encoding="UTF-8"?>
<testng-results ignored="0" total="4" passed="4" failed="0" skipped="0">
  <reporter-output>
  </reporter-output>
  <suite started-at="2021-06-06T20:12:51 IST" name="Suite" finished-at="2021-06-06T20:13:55 IST" duration-ms="63965">
    <groups>
    </groups>
    <test started-at="2021-06-06T20:12:51 IST" name="Test" finished-at="2021-06-06T20:13:55 IST" duration-ms="63965">
      <class name="TestClasses.ValidateAccount">
        <test-method is-config="true" signature="beforeSuite()[pri:0, instance:TestClasses.ValidateAccount@1b11171f]" started-at="2021-06-06T20:12:51 IST" name="beforeSuite" finished-at="2021-06-06T20:12:51 IST" duration-ms="42" status="PASS">
          <reporter-output>
          </reporter-output>
        </test-method> <!-- beforeSuite -->
        <test-method is-config="true" signature="beforeClass()[pri:0, instance:TestClasses.ValidateAccount@1b11171f]" started-at="2021-06-06T20:13:12 IST" name="beforeClass" finished-at="2021-06-06T20:13:21 IST" duration-ms="9155" status="PASS">
          <reporter-output>
          </reporter-output>
        </test-method> <!-- beforeClass -->
        <test-method signature="accountTest()[pri:0, instance:TestClasses.ValidateAccount@1b11171f]" started-at="2021-06-06T20:13:21 IST" name="accountTest" finished-at="2021-06-06T20:13:32 IST" duration-ms="11296" status="PASS">
          <reporter-output>
          </reporter-output>
        </test-method> <!-- accountTest -->
        <test-method is-config="true" signature="afterMethod()[pri:0, instance:TestClasses.ValidateAccount@1b11171f]" started-at="2021-06-06T20:13:32 IST" name="afterMethod" finished-at="2021-06-06T20:13:40 IST" duration-ms="7786" status="PASS">
          <reporter-output>
          </reporter-output>
        </test-method> <!-- afterMethod -->
        <test-method signature="investTest()[pri:0, instance:TestClasses.ValidateAccount@1b11171f]" started-at="2021-06-06T20:13:40 IST" name="investTest" finished-at="2021-06-06T20:13:47 IST" duration-ms="6682" status="PASS">
          <reporter-output>
          </reporter-output>
        </test-method> <!-- investTest -->
        <test-method is-config="true" signature="afterMethod()[pri:0, instance:TestClasses.ValidateAccount@1b11171f]" started-at="2021-06-06T20:13:47 IST" name="afterMethod" finished-at="2021-06-06T20:13:54 IST" duration-ms="7457" status="PASS">
          <reporter-output>
          </reporter-output>
        </test-method> <!-- afterMethod -->
        <test-method is-config="true" signature="afterClass()[pri:0, instance:TestClasses.ValidateAccount@1b11171f]" started-at="2021-06-06T20:13:54 IST" name="afterClass" finished-at="2021-06-06T20:13:55 IST" duration-ms="167" status="PASS">
          <reporter-output>
          </reporter-output>
        </test-method> <!-- afterClass -->
      </class> <!-- TestClasses.ValidateAccount -->
      <class name="TestClasses.Validatelogin">
        <test-method is-config="true" signature="beforeSuite()[pri:0, instance:TestClasses.Validatelogin@47e2e487]" started-at="2021-06-06T20:12:51 IST" name="beforeSuite" finished-at="2021-06-06T20:12:51 IST" duration-ms="1" status="PASS">
          <reporter-output>
          </reporter-output>
        </test-method> <!-- beforeSuite -->
        <test-method is-config="true" signature="beforeClass()[pri:0, instance:TestClasses.Validatelogin@47e2e487]" started-at="2021-06-06T20:12:51 IST" name="beforeClass" finished-at="2021-06-06T20:13:00 IST" duration-ms="9637" status="PASS">
          <reporter-output>
          </reporter-output>
        </test-method> <!-- beforeClass -->
        <test-method signature="validateLogin()[pri:0, instance:TestClasses.Validatelogin@47e2e487]" started-at="2021-06-06T20:13:00 IST" name="validateLogin" finished-at="2021-06-06T20:13:07 IST" duration-ms="6394" status="PASS">
          <reporter-output>
          </reporter-output>
        </test-method> <!-- validateLogin -->
        <test-method is-config="true" signature="afterMethod()[pri:0, instance:TestClasses.Validatelogin@47e2e487]" started-at="2021-06-06T20:13:07 IST" name="afterMethod" finished-at="2021-06-06T20:13:09 IST" duration-ms="2384" status="PASS">
          <reporter-output>
          </reporter-output>
        </test-method> <!-- afterMethod -->
        <test-method signature="validateRBIlink()[pri:0, instance:TestClasses.Validatelogin@47e2e487]" started-at="2021-06-06T20:13:09 IST" name="validateRBIlink" finished-at="2021-06-06T20:13:10 IST" duration-ms="488" status="PASS">
          <reporter-output>
          </reporter-output>
        </test-method> <!-- validateRBIlink -->
        <test-method is-config="true" signature="afterMethod()[pri:0, instance:TestClasses.Validatelogin@47e2e487]" started-at="2021-06-06T20:13:10 IST" name="afterMethod" finished-at="2021-06-06T20:13:12 IST" duration-ms="2389" status="PASS">
          <reporter-output>
          </reporter-output>
        </test-method> <!-- afterMethod -->
        <test-method is-config="true" signature="afterClass()[pri:0, instance:TestClasses.Validatelogin@47e2e487]" started-at="2021-06-06T20:13:12 IST" name="afterClass" finished-at="2021-06-06T20:13:12 IST" duration-ms="57" status="PASS">
          <reporter-output>
          </reporter-output>
        </test-method> <!-- afterClass -->
      </class> <!-- TestClasses.Validatelogin -->
    </test> <!-- Test -->
  </suite> <!-- Suite -->
</testng-results>
